<?xml version="1.0" encoding="UTF-8"?>
<!-- Generated by org.testng.reporters.JUnitReportReporter -->
<testsuite hostname="TYSS-Piyush-Baldaniya" failures="0" tests="1" name="sample.Demo3" time="8.137" errors="0" timestamp="2025-04-24T16:57:30 IST" skipped="0">
  <testcase classname="sample.Demo3" name="multi" time="8.137"/>
</testsuite> <!-- sample.Demo3 -->
