<?xml version="1.0" encoding="UTF-8"?>
<!-- Generated by org.testng.reporters.JUnitReportReporter -->
<testsuite hostname="TYSS-Piyush-Baldaniya" failures="0" tests="1" name="sample.Demo" time="0.005" errors="0" timestamp="2025-04-22T16:23:40 IST" skipped="0">
  <testcase classname="sample.Demo" name="add" time="0.005"/>
</testsuite> <!-- sample.Demo -->
