<?xml version="1.0" encoding="UTF-8"?>
<!-- Generated by org.testng.reporters.JUnitReportReporter -->
<testsuite hostname="TYSS-Piyush-Baldaniya" failures="0" tests="1" name="extra.AdvanceReports" time="4.468" errors="0" timestamp="2025-04-28T16:53:12 IST" skipped="0">
  <testcase classname="extra.AdvanceReports" name="generateAdReport" time="4.468"/>
</testsuite> <!-- extra.AdvanceReports -->
