<?xml version="1.0" encoding="UTF-8"?>
<!-- Generated by org.testng.reporters.JUnitReportReporter -->
<testsuite hostname="TYSS-Piyush-Baldaniya" failures="0" tests="3" name="extra.Executing_DataProvider" time="23.987" errors="0" timestamp="2025-04-22T15:14:39 IST" skipped="0">
  <testcase classname="extra.Executing_DataProvider" name="loginToFaceBook" time="7.736"/>
  <testcase classname="extra.Executing_DataProvider" name="loginToFaceBook" time="8.644"/>
  <testcase classname="extra.Executing_DataProvider" name="loginToFaceBook" time="7.607"/>
</testsuite> <!-- extra.Executing_DataProvider -->
