<?xml version="1.0" encoding="UTF-8"?>
<!-- Generated by org.testng.reporters.JUnitReportReporter -->
<testsuite hostname="TYSS-Piyush-Baldaniya" failures="0" tests="3" name="extra.DummyForReportsWithListeners" time="16.434" errors="0" timestamp="2025-04-30T16:07:15 IST" skipped="0">
  <testcase classname="extra.DummyForReportsWithListeners" name="dummy1" time="5.854"/>
  <testcase classname="extra.DummyForReportsWithListeners" name="dummy2" time="5.221"/>
  <testcase classname="extra.DummyForReportsWithListeners" name="dummy3" time="5.359"/>
</testsuite> <!-- extra.DummyForReportsWithListeners -->
