<?xml version="1.0" encoding="UTF-8"?>
<!-- Generated by org.testng.reporters.JUnitReportReporter -->
<testsuite hostname="TYSS-Piyush-Baldaniya" failures="0" tests="1" name="leadsTest.CreateLeadsTest" time="41.038" errors="0" timestamp="2025-04-17T15:23:44 IST" skipped="0">
  <testcase classname="leadsTest.CreateLeadsTest" name="createLeadsTest" time="41.038"/>
</testsuite> <!-- leadsTest.CreateLeadsTest -->
