<?xml version="1.0" encoding="UTF-8"?>
<!-- Generated by org.testng.reporters.JUnitReportReporter -->
<testsuite hostname="TYSS-Piyush-Baldaniya" failures="0" tests="1" name="sample.Demo1" time="7.839" errors="0" timestamp="2025-04-22T16:58:40 IST" skipped="0">
  <testcase classname="sample.Demo1" name="add" time="7.839"/>
</testsuite> <!-- sample.Demo1 -->
