<?xml version="1.0" encoding="UTF-8"?>
<!-- Generated by org.testng.reporters.JUnitReportReporter -->
<testsuite hostname="TYSS-Piyush-Baldaniya" failures="0" tests="1" name="leadsTest.CreateLeadsWithPhoneTest" time="13.186" errors="0" timestamp="2025-04-23T17:05:26 IST" skipped="0">
  <testcase classname="leadsTest.CreateLeadsWithPhoneTest" name="createLeadsWithPhoneTest" time="13.186"/>
</testsuite> <!-- leadsTest.CreateLeadsWithPhoneTest -->
