<?xml version="1.0" encoding="UTF-8"?>
<!-- Generated by org.testng.reporters.JUnitReportReporter -->
<testsuite hostname="TYSS-Piyush-Baldaniya" failures="0" tests="3" name="sample.GroupExecution" time="0.012" errors="0" timestamp="2025-04-25T16:53:40 IST" skipped="0">
  <testcase classname="sample.GroupExecution" name="mul" time="0.001"/>
  <testcase classname="sample.GroupExecution" name="add" time="0.009"/>
  <testcase classname="sample.GroupExecution" name="div" time="0.002"/>
</testsuite> <!-- sample.GroupExecution -->
