<?xml version="1.0" encoding="UTF-8"?>
<!-- Generated by org.testng.reporters.JUnitReportReporter -->
<testsuite hostname="TYSS-Piyush-Baldaniya" failures="0" tests="1" name="sample.Demo2" time="8.807" errors="0" timestamp="2025-04-24T16:43:24 IST" skipped="0">
  <testcase classname="sample.Demo2" name="div" time="8.807"/>
</testsuite> <!-- sample.Demo2 -->
