<?xml version="1.0" encoding="UTF-8"?>
<!-- Generated by org.testng.reporters.JUnitReportReporter -->
<testsuite hostname="TYSS-Piyush-Baldaniya" failures="0" tests="1" name="sample.ParallelKaExtraExample" time="0.008" errors="0" timestamp="2025-04-25T16:46:20 IST" skipped="0">
  <testcase classname="sample.ParallelKaExtraExample" name="sub" time="0.008"/>
</testsuite> <!-- sample.ParallelKaExtraExample -->
