<?xml version="1.0" encoding="UTF-8"?>
<!-- Generated by org.testng.reporters.JUnitReportReporter -->
<testsuite hostname="TYSS-Piyush-Baldaniya" failures="0" tests="1" name="sample.Demo3" time="0.006" errors="0" timestamp="2025-04-22T16:25:01 IST" skipped="0">
  <testcase classname="sample.Demo3" name="div" time="0.006"/>
</testsuite> <!-- sample.Demo3 -->
