<?xml version="1.0" encoding="UTF-8"?>
<!-- Generated by org.testng.reporters.JUnitReportReporter -->
<testsuite hostname="TYSS-Piyush-Baldaniya" failures="0" tests="1" name="leadsTest.CreateLeadsTest" time="29.456" errors="0" timestamp="2025-04-25T15:48:33 IST" skipped="0">
  <testcase classname="leadsTest.CreateLeadsTest" name="createLeadsTest" time="29.456"/>
</testsuite> <!-- leadsTest.CreateLeadsTest -->
